[debug] [2024-03-04T04:23:15.960Z] ----------------------------------------------------------------------
[debug] [2024-03-04T04:23:15.965Z] Command:       /opt/homebrew/Cellar/node/21.6.2_1/bin/node /opt/homebrew/bin/firebase init hosting
[debug] [2024-03-04T04:23:15.966Z] CLI Version:   13.4.0
[debug] [2024-03-04T04:23:15.966Z] Platform:      darwin
[debug] [2024-03-04T04:23:15.966Z] Node Version:  v21.6.2
[debug] [2024-03-04T04:23:15.966Z] Time:          Sun Mar 03 2024 22:23:15 GMT-0600 (Central Standard Time)
[debug] [2024-03-04T04:23:15.966Z] ----------------------------------------------------------------------
[debug] 
[debug] [2024-03-04T04:23:15.971Z] > command requires scopes: ["email","openid","https://www.googleapis.com/auth/cloudplatformprojects.readonly","https://www.googleapis.com/auth/firebase","https://www.googleapis.com/auth/cloud-platform"]
[debug] [2024-03-04T04:23:15.972Z] > authorizing via signed-in user (mty.gonzalez@gmail.com)
[info] 
     ######## #### ########  ######## ########     ###     ######  ########
     ##        ##  ##     ## ##       ##     ##  ##   ##  ##       ##
     ######    ##  ########  ######   ########  #########  ######  ######
     ##        ##  ##    ##  ##       ##     ## ##     ##       ## ##
     ##       #### ##     ## ######## ########  ##     ##  ######  ########

You're about to initialize a Firebase project in this directory:

  /Users/quielo/Work/projects/follawer

[info] 
=== Project Setup
[info] 
[info] First, let's associate this project directory with a Firebase project.
[info] You can create multiple project aliases by running firebase use --add, 
[info] but for now we'll just set up a default project.
[info] 
[debug] [2024-03-04T04:24:55.783Z] > refreshing access token with scopes: []
[debug] [2024-03-04T04:24:55.787Z] >>> [apiv2][query] POST https://www.googleapis.com/oauth2/v3/token [none]
[debug] [2024-03-04T04:24:55.787Z] >>> [apiv2][body] POST https://www.googleapis.com/oauth2/v3/token [omitted]
[debug] [2024-03-04T04:24:56.064Z] <<< [apiv2][status] POST https://www.googleapis.com/oauth2/v3/token 200
[debug] [2024-03-04T04:24:56.064Z] <<< [apiv2][body] POST https://www.googleapis.com/oauth2/v3/token [omitted]
[debug] [2024-03-04T04:24:56.106Z] >>> [apiv2][query] GET https://firebase.googleapis.com/v1beta1/projects pageSize=100
[debug] [2024-03-04T04:24:56.580Z] <<< [apiv2][status] GET https://firebase.googleapis.com/v1beta1/projects 200
[debug] [2024-03-04T04:24:56.580Z] <<< [apiv2][body] GET https://firebase.googleapis.com/v1beta1/projects [omitted]
[info] i  Using project follawer-xcw70y (follawer) 
[info] 
=== Hosting Setup
[debug] [2024-03-04T04:25:05.180Z] >>> [apiv2][query] GET https://firebase.googleapis.com/v1beta1/projects/follawer-xcw70y [none]
[debug] [2024-03-04T04:25:05.510Z] <<< [apiv2][status] GET https://firebase.googleapis.com/v1beta1/projects/follawer-xcw70y 200
[debug] [2024-03-04T04:25:05.510Z] <<< [apiv2][body] GET https://firebase.googleapis.com/v1beta1/projects/follawer-xcw70y {"projectId":"follawer-xcw70y","projectNumber":"1016333423252","displayName":"follawer","name":"projects/follawer-xcw70y","resources":{"hostingSite":"follawer-xcw70y"},"state":"ACTIVE","etag":"1_d1a23b58-0f55-4a87-bbdf-150fcff585b4"}
[info] 
[info] Your public directory is the folder (relative to your project directory) that
[info] will contain Hosting assets to be uploaded with firebase deploy. If you
[info] have a build process for your assets, use your build's output directory.
[info] 
